<?xml version="1.0" encoding="UTF-8"?>
<!-- Generated by org.testng.reporters.JUnitReportReporter -->
<testsuite hostname="DESKTOP-JAIH10F" failures="0" tests="2" name="qaclickacademy.RestAPITest" time="0.002" errors="0" timestamp="2020-03-29T14:26:05 CEST" skipped="0">
  <testcase classname="qaclickacademy.RestAPITest" name="RestApi1" time="0.001"/>
  <system-out/>
  <testcase classname="qaclickacademy.RestAPITest" name="RestApi2" time="0.001"/>
  <system-out/>
</testsuite> <!-- qaclickacademy.RestAPITest -->
