<?xml version="1.0" encoding="UTF-8"?>
<!-- Generated by org.testng.reporters.JUnitReportReporter -->
<testsuite hostname="DESKTOP-JAIH10F" failures="0" tests="1" name="qaclickacademy.AppTest" time="0.025" errors="0" timestamp="2020-03-29T21:15:45 CEST" skipped="0">
  <testcase classname="qaclickacademy.AppTest" name="testApp" time="0.025"/>
  <system-out/>
</testsuite> <!-- qaclickacademy.AppTest -->
