<?xml version="1.0" encoding="UTF-8"?>
<!-- Generated by org.testng.reporters.JUnitReportReporter -->
<testsuite hostname="DESKTOP-JAIH10F" failures="0" tests="2" name="qaclickacademy.AppiumTest" time="0.051" errors="0" timestamp="2020-03-30T15:10:35 CEST" skipped="0">
  <testcase classname="qaclickacademy.AppiumTest" name="Appium1" time="0.049"/>
  <system-out/>
  <testcase classname="qaclickacademy.AppiumTest" name="Appium2" time="0.002"/>
  <system-out/>
</testsuite> <!-- qaclickacademy.AppiumTest -->
