<?xml version="1.0" encoding="UTF-8"?>
<!-- Generated by org.testng.reporters.JUnitReportReporter -->
<testsuite hostname="DESKTOP-JAIH10F" failures="0" tests="2" name="qaclickacademy.SeleniumTest" time="0.002" errors="0" timestamp="2020-03-30T15:10:35 CEST" skipped="0">
  <testcase classname="qaclickacademy.SeleniumTest" name="Selenium2" time="0.001"/>
  <system-out/>
  <testcase classname="qaclickacademy.SeleniumTest" name="Selenium1" time="0.001"/>
  <system-out/>
</testsuite> <!-- qaclickacademy.SeleniumTest -->
