<?xml version="1.0" encoding="UTF-8"?>
<!-- Generated by org.testng.reporters.JUnitReportReporter -->
<testsuite hostname="DESKTOP-JAIH10F" failures="0" tests="2" name="qaclickacademy.SeleniumTest" time="0.010" errors="0" timestamp="2020-03-29T21:17:26 CEST" skipped="0">
  <testcase classname="qaclickacademy.SeleniumTest" name="Selenium1" time="0.010"/>
  <system-out/>
  <testcase classname="qaclickacademy.SeleniumTest" name="Selenium2" time="0.000"/>
  <system-out/>
</testsuite> <!-- qaclickacademy.SeleniumTest -->
