<?xml version="1.0" encoding="UTF-8"?>
<!-- Generated by org.testng.reporters.JUnitReportReporter -->
<testsuite hostname="DESKTOP-JAIH10F" failures="0" tests="2" name="qaclickacademy.AppiumTest" time="0.008" errors="0" timestamp="2020-03-29T21:02:06 CEST" skipped="0">
  <testcase classname="qaclickacademy.AppiumTest" name="Appium2" time="0.000"/>
  <system-out/>
  <testcase classname="qaclickacademy.AppiumTest" name="Appium1" time="0.008"/>
  <system-out/>
</testsuite> <!-- qaclickacademy.AppiumTest -->
